<?xml version="1.0" encoding="UTF-8"?>
<!-- Generated by org.testng.reporters.JUnitReportReporter -->
<testsuite hostname="3fd5eb3716144bdc919178aa6e017bf9-rc2lz-5z45f" failures="0" tests="1" name="com.kindredgroup.seaffordabiltiygateway.integrationtest.ErasureTest" time="3.112" errors="0" timestamp="2023-10-30T16:21:25 GMT" skipped="0">
  <testcase classname="com.kindredgroup.seaffordabiltiygateway.integrationtest.ErasureTest" name="verifyErasure" time="3.112"/>
  <system-out/>
</testsuite> <!-- com.kindredgroup.seaffordabiltiygateway.integrationtest.ErasureTest -->
