<?xml version="1.0" encoding="UTF-8"?>
<!-- Generated by org.testng.reporters.JUnitReportReporter -->
<testsuite hostname="3fd5eb3716144bdc919178aa6e017bf9-rc2lz-5z45f" failures="0" tests="7" name="com.kindredgroup.seaffordabiltiygateway.integrationtest.RegisteredUsersInFileTest" time="9.078" errors="0" timestamp="2023-10-30T16:21:25 GMT" skipped="2">
  <testcase classname="com.kindredgroup.seaffordabiltiygateway.integrationtest.RegisteredUsersInFileTest" name="triggerNetIncomeJobForNewCustomer" time="1.358"/>
  <system-out/>
  <testcase classname="com.kindredgroup.seaffordabiltiygateway.integrationtest.RegisteredUsersInFileTest" name="triggerNetIncomeJobForNewCustomer" time="1.356"/>
  <system-out/>
  <testcase classname="com.kindredgroup.seaffordabiltiygateway.integrationtest.RegisteredUsersInFileTest" name="triggerNetIncomeJobForNewCustomer" time="1.396">
    <skipped/>
  </testcase> <!-- triggerNetIncomeJobForNewCustomer -->
  <system-out/>
  <testcase classname="com.kindredgroup.seaffordabiltiygateway.integrationtest.RegisteredUsersInFileTest" name="tiLastDateIsCurrentDate" time="2.228"/>
  <system-out/>
  <testcase classname="com.kindredgroup.seaffordabiltiygateway.integrationtest.RegisteredUsersInFileTest" name="triggerNetIncomeJobForNewCustomer" time="1.402"/>
  <system-out/>
  <testcase classname="com.kindredgroup.seaffordabiltiygateway.integrationtest.RegisteredUsersInFileTest" name="triggerNetIncomeJobForNewCustomer" time="1.338"/>
  <system-out/>
  <testcase classname="com.kindredgroup.seaffordabiltiygateway.integrationtest.RegisteredUsersInFileTest" name="yearlyLossLimitIs50PercentOfYearlyIncome">
    <skipped/>
  </testcase> <!-- yearlyLossLimitIs50PercentOfYearlyIncome -->
  <system-out/>
</testsuite> <!-- com.kindredgroup.seaffordabiltiygateway.integrationtest.RegisteredUsersInFileTest -->
