<?xml version="1.0" encoding="UTF-8"?>
<!-- Generated by org.testng.reporters.JUnitReportReporter -->
<testsuite hostname="3fd5eb3716144bdc919178aa6e017bf9-rc2lz-5z45f" failures="0" tests="2" name="com.kindredgroup.seaffordabiltiygateway.integrationtest.ReaderTest" time="1.878" errors="0" timestamp="2023-10-30T16:21:25 GMT" skipped="0">
  <testcase classname="com.kindredgroup.seaffordabiltiygateway.integrationtest.ReaderTest" name="testNetIncomes" time="1.007"/>
  <system-out/>
  <testcase classname="com.kindredgroup.seaffordabiltiygateway.integrationtest.ReaderTest" name="readFileTest" time="0.871"/>
  <system-out/>
</testsuite> <!-- com.kindredgroup.seaffordabiltiygateway.integrationtest.ReaderTest -->
