<?xml version="1.0" encoding="UTF-8"?>
<!-- Generated by org.testng.reporters.JUnitReportReporter -->
<testsuite hostname="3fd5eb3716144bdc919178aa6e017bf9-rc2lz-5z45f" failures="0" tests="4" name="com.kindredgroup.seaffordabiltiygateway.integrationtest.NegativeFileTest" time="0.357" errors="0" timestamp="2023-10-30T16:21:25 GMT" skipped="0">
  <testcase classname="com.kindredgroup.seaffordabiltiygateway.integrationtest.NegativeFileTest" name="uploadFileWithWrongNumOfColumns" time="0.100"/>
  <system-out/>
  <testcase classname="com.kindredgroup.seaffordabiltiygateway.integrationtest.NegativeFileTest" name="uploadZipFileWithTwoTxtFiles" time="0.094"/>
  <system-out/>
  <testcase classname="com.kindredgroup.seaffordabiltiygateway.integrationtest.NegativeFileTest" name="uploadZipFileWithWrongColumnName" time="0.095"/>
  <system-out/>
  <testcase classname="com.kindredgroup.seaffordabiltiygateway.integrationtest.NegativeFileTest" name="uploadCsvZipFileAndGetErrorMessageTest" time="0.068"/>
  <system-out/>
</testsuite> <!-- com.kindredgroup.seaffordabiltiygateway.integrationtest.NegativeFileTest -->
