<?xml version="1.0" encoding="UTF-8"?>
<!-- Generated by org.testng.reporters.JUnitReportReporter -->
<testsuite hostname="3fd5eb3716144bdc919178aa6e017bf9-rc2lz-5z45f" failures="0" tests="3" name="com.kindredgroup.seaffordabiltiygateway.integrationtest.FileTest" time="0.131" errors="0" timestamp="2023-10-30T16:21:25 GMT" skipped="0">
  <testcase classname="com.kindredgroup.seaffordabiltiygateway.integrationtest.FileTest" name="deleteAllZipFilesTest" time="0.012"/>
  <system-out/>
  <testcase classname="com.kindredgroup.seaffordabiltiygateway.integrationtest.FileTest" name="getAllZipFilesTest" time="0.105"/>
  <system-out/>
  <testcase classname="com.kindredgroup.seaffordabiltiygateway.integrationtest.FileTest" name="uploadFileTest" time="0.014"/>
  <system-out/>
</testsuite> <!-- com.kindredgroup.seaffordabiltiygateway.integrationtest.FileTest -->
